<?xml version="1.0" encoding="UTF-8"?>
<testsuite xmlns:xsi="http://www.w3.org/2001/XMLSchema-instance" xsi:noNamespaceSchemaLocation="https://maven.apache.org/surefire/maven-surefire-plugin/xsd/surefire-test-report-3.0.xsd" version="3.0" name="com.api.store.StoreApplicationTests" time="9.193" tests="1" errors="0" skipped="0" failures="0">
  <properties>
[...]
</properties>
  <testcase name="contextLoads" classname="com.api.store.StoreApplicationTests" time="0.435">
    <system-out><![CDATA[18:36:25.148 [main] INFO org.springframework.test.context.support.AnnotationConfigContextLoaderUtils -- Could not detect default configuration classes for test class [com.api.store.StoreApplicationTests]: StoreApplicationTests does not declare any static, non-private, non-final, nested classes annotated with @Configuration.
18:36:25.232 [main] INFO org.springframework.boot.test.context.SpringBootTestContextBootstrapper -- Found @SpringBootConfiguration com.api.store.StoreApplication for test class com.api.store.StoreApplicationTests

  .   ____          _            __ _ _
 /\\ / ___'_ __ _ _(_)_ __  __ _ \ \ \ \
( ( )\___ | '_ | '_| | '_ \/ _` | \ \ \ \
 \\/  ___)| |_)| | | | | || (_| |  ) ) ) )
  '  |____| .__|_| |_|_| |_\__, | / / / /
 =========|_|==============|___/=/_/_/_/
 :: Spring Boot ::                (v3.2.1)

2023-12-22T18:36:25.602-06:00  INFO 25164 --- [           main] com.api.store.StoreApplicationTests      : Starting StoreApplicationTests using Java 17.0.9 with PID 25164 (started by Diego in C:\Users\Diego\Documents\API SPRINGBOOT\store\store)
2023-12-22T18:36:25.603-06:00  INFO 25164 --- [           main] com.api.store.StoreApplicationTests      : No active profile set, falling back to 1 default profile: "default"
2023-12-22T18:36:26.289-06:00  INFO 25164 --- [           main] .s.d.r.c.RepositoryConfigurationDelegate : Bootstrapping Spring Data JPA repositories in DEFAULT mode.
2023-12-22T18:36:26.359-06:00  INFO 25164 --- [           main] .s.d.r.c.RepositoryConfigurationDelegate : Finished Spring Data repository scanning in 62 ms. Found 3 JPA repository interfaces.
2023-12-22T18:36:26.817-06:00  INFO 25164 --- [           main] o.hibernate.jpa.internal.util.LogHelper  : HHH000204: Processing PersistenceUnitInfo [name: default]
2023-12-22T18:36:26.875-06:00  INFO 25164 --- [           main] org.hibernate.Version                    : HHH000412: Hibernate ORM core version 6.4.1.Final
2023-12-22T18:36:26.914-06:00  INFO 25164 --- [           main] o.h.c.internal.RegionFactoryInitiator    : HHH000026: Second-level cache disabled
2023-12-22T18:36:27.034-06:00 DEBUG 25164 --- [           main] org.hibernate.type.BasicTypeRegistry     : Adding type registration boolean -> org.hibernate.type.BasicTypeReference@de579ff
2023-12-22T18:36:27.034-06:00 DEBUG 25164 --- [           main] org.hibernate.type.BasicTypeRegistry     : Adding type registration boolean -> org.hibernate.type.BasicTypeReference@de579ff
2023-12-22T18:36:27.035-06:00 DEBUG 25164 --- [           main] org.hibernate.type.BasicTypeRegistry     : Adding type registration java.lang.Boolean -> org.hibernate.type.BasicTypeReference@de579ff
2023-12-22T18:36:27.035-06:00 DEBUG 25164 --- [           main] org.hibernate.type.BasicTypeRegistry     : Adding type registration numeric_boolean -> org.hibernate.type.BasicTypeReference@7971c2a9
2023-12-22T18:36:27.035-06:00 DEBUG 25164 --- [           main] org.hibernate.type.BasicTypeRegistry     : Adding type registration org.hibernate.type.NumericBooleanConverter -> org.hibernate.type.BasicTypeReference@7971c2a9
2023-12-22T18:36:27.035-06:00 DEBUG 25164 --- [           main] org.hibernate.type.BasicTypeRegistry     : Adding type registration true_false -> org.hibernate.type.BasicTypeReference@2fd39436
2023-12-22T18:36:27.035-06:00 DEBUG 25164 --- [           main] org.hibernate.type.BasicTypeRegistry     : Adding type registration org.hibernate.type.TrueFalseConverter -> org.hibernate.type.BasicTypeReference@2fd39436
2023-12-22T18:36:27.035-06:00 DEBUG 25164 --- [           main] org.hibernate.type.BasicTypeRegistry     : Adding type registration yes_no -> org.hibernate.type.BasicTypeReference@60b5e80d
2023-12-22T18:36:27.035-06:00 DEBUG 25164 --- [           main] org.hibernate.type.BasicTypeRegistry     : Adding type registration org.hibernate.type.YesNoConverter -> org.hibernate.type.BasicTypeReference@60b5e80d
2023-12-22T18:36:27.035-06:00 DEBUG 25164 --- [           main] org.hibernate.type.BasicTypeRegistry     : Adding type registration byte -> org.hibernate.type.BasicTypeReference@46394f65
2023-12-22T18:36:27.035-06:00 DEBUG 25164 --- [           main] org.hibernate.type.BasicTypeRegistry     : Adding type registration byte -> org.hibernate.type.BasicTypeReference@46394f65
2023-12-22T18:36:27.035-06:00 DEBUG 25164 --- [           main] org.hibernate.type.BasicTypeRegistry     : Adding type registration java.lang.Byte -> org.hibernate.type.BasicTypeReference@46394f65
2023-12-22T18:36:27.036-06:00 DEBUG 25164 --- [           main] org.hibernate.type.BasicTypeRegistry     : Adding type registration binary -> org.hibernate.type.BasicTypeReference@31aab981
2023-12-22T18:36:27.036-06:00 DEBUG 25164 --- [           main] org.hibernate.type.BasicTypeRegistry     : Adding type registration byte[] -> org.hibernate.type.BasicTypeReference@31aab981
2023-12-22T18:36:27.036-06:00 DEBUG 25164 --- [           main] org.hibernate.type.BasicTypeRegistry     : Adding type registration [B -> org.hibernate.type.BasicTypeReference@31aab981
2023-12-22T18:36:27.036-06:00 DEBUG 25164 --- [           main] org.hibernate.type.BasicTypeRegistry     : Adding type registration binary_wrapper -> org.hibernate.type.BasicTypeReference@411fa0ce
2023-12-22T18:36:27.036-06:00 DEBUG 25164 --- [           main] org.hibernate.type.BasicTypeRegistry     : Adding type registration wrapper-binary -> org.hibernate.type.BasicTypeReference@411fa0ce
2023-12-22T18:36:27.036-06:00 DEBUG 25164 --- [           main] org.hibernate.type.BasicTypeRegistry     : Adding type registration image -> org.hibernate.type.BasicTypeReference@251d7fdd
2023-12-22T18:36:27.037-06:00 DEBUG 25164 --- [           main] org.hibernate.type.BasicTypeRegistry     : Adding type registration blob -> org.hibernate.type.BasicTypeReference@78e68401
2023-12-22T18:36:27.037-06:00 DEBUG 25164 --- [           main] org.hibernate.type.BasicTypeRegistry     : Adding type registration java.sql.Blob -> org.hibernate.type.BasicTypeReference@78e68401
2023-12-22T18:36:27.037-06:00 DEBUG 25164 --- [           main] org.hibernate.type.BasicTypeRegistry     : Adding type registration materialized_blob -> org.hibernate.type.BasicTypeReference@391515c7
2023-12-22T18:36:27.037-06:00 DEBUG 25164 --- [           main] org.hibernate.type.BasicTypeRegistry     : Adding type registration materialized_blob_wrapper -> org.hibernate.type.BasicTypeReference@5b0dbfb
2023-12-22T18:36:27.037-06:00 DEBUG 25164 --- [           main] org.hibernate.type.BasicTypeRegistry     : Adding type registration short -> org.hibernate.type.BasicTypeReference@4b9dbf07
2023-12-22T18:36:27.037-06:00 DEBUG 25164 --- [           main] org.hibernate.type.BasicTypeRegistry     : Adding type registration short -> org.hibernate.type.BasicTypeReference@4b9dbf07
2023-12-22T18:36:27.037-06:00 DEBUG 25164 --- [           main] org.hibernate.type.BasicTypeRegistry     : Adding type registration java.lang.Short -> org.hibernate.type.BasicTypeReference@4b9dbf07
2023-12-22T18:36:27.038-06:00 DEBUG 25164 --- [           main] org.hibernate.type.BasicTypeRegistry     : Adding type registration integer -> org.hibernate.type.BasicTypeReference@797fcf9
2023-12-22T18:36:27.038-06:00 DEBUG 25164 --- [           main] org.hibernate.type.BasicTypeRegistry     : Adding type registration int -> org.hibernate.type.BasicTypeReference@797fcf9
2023-12-22T18:36:27.038-06:00 DEBUG 25164 --- [           main] org.hibernate.type.BasicTypeRegistry     : Adding type registration java.lang.Integer -> org.hibernate.type.BasicTypeReference@797fcf9
2023-12-22T18:36:27.038-06:00 DEBUG 25164 --- [           main] org.hibernate.type.BasicTypeRegistry     : Adding type registration long -> org.hibernate.type.BasicTypeReference@16bd7ae1
2023-12-22T18:36:27.038-06:00 DEBUG 25164 --- [           main] org.hibernate.type.BasicTypeRegistry     : Adding type registration long -> org.hibernate.type.BasicTypeReference@16bd7ae1
2023-12-22T18:36:27.038-06:00 DEBUG 25164 --- [           main] org.hibernate.type.BasicTypeRegistry     : Adding type registration java.lang.Long -> org.hibernate.type.BasicTypeReference@16bd7ae1
2023-12-22T18:36:27.038-06:00 DEBUG 25164 --- [           main] org.hibernate.type.BasicTypeRegistry     : Adding type registration float -> org.hibernate.type.BasicTypeReference@15d114ce
2023-12-22T18:36:27.038-06:00 DEBUG 25164 --- [           main] org.hibernate.type.BasicTypeRegistry     : Adding type registration float -> org.hibernate.type.BasicTypeReference@15d114ce
2023-12-22T18:36:27.038-06:00 DEBUG 25164 --- [           main] org.hibernate.type.BasicTypeRegistry     : Adding type registration java.lang.Float -> org.hibernate.type.BasicTypeReference@15d114ce
2023-12-22T18:36:27.038-06:00 DEBUG 25164 --- [           main] org.hibernate.type.BasicTypeRegistry     : Adding type registration double -> org.hibernate.type.BasicTypeReference@3312f4f4
2023-12-22T18:36:27.038-06:00 DEBUG 25164 --- [           main] org.hibernate.type.BasicTypeRegistry     : Adding type registration double -> org.hibernate.type.BasicTypeReference@3312f4f4
2023-12-22T18:36:27.038-06:00 DEBUG 25164 --- [           main] org.hibernate.type.BasicTypeRegistry     : Adding type registration java.lang.Double -> org.hibernate.type.BasicTypeReference@3312f4f4
2023-12-22T18:36:27.038-06:00 DEBUG 25164 --- [           main] org.hibernate.type.BasicTypeRegistry     : Adding type registration big_integer -> org.hibernate.type.BasicTypeReference@b5aa65b
2023-12-22T18:36:27.039-06:00 DEBUG 25164 --- [           main] org.hibernate.type.BasicTypeRegistry     : Adding type registration java.math.BigInteger -> org.hibernate.type.BasicTypeReference@b5aa65b
2023-12-22T18:36:27.039-06:00 DEBUG 25164 --- [           main] org.hibernate.type.BasicTypeRegistry     : Adding type registration big_decimal -> org.hibernate.type.BasicTypeReference@76cdafa3
2023-12-22T18:36:27.039-06:00 DEBUG 25164 --- [           main] org.hibernate.type.BasicTypeRegistry     : Adding type registration java.math.BigDecimal -> org.hibernate.type.BasicTypeReference@76cdafa3
2023-12-22T18:36:27.039-06:00 DEBUG 25164 --- [           main] org.hibernate.type.BasicTypeRegistry     : Adding type registration character -> org.hibernate.type.BasicTypeReference@6b27b2d0
2023-12-22T18:36:27.039-06:00 DEBUG 25164 --- [           main] org.hibernate.type.BasicTypeRegistry     : Adding type registration char -> org.hibernate.type.BasicTypeReference@6b27b2d0
2023-12-22T18:36:27.039-06:00 DEBUG 25164 --- [           main] org.hibernate.type.BasicTypeRegistry     : Adding type registration java.lang.Character -> org.hibernate.type.BasicTypeReference@6b27b2d0
2023-12-22T18:36:27.039-06:00 DEBUG 25164 --- [           main] org.hibernate.type.BasicTypeRegistry     : Adding type registration character_nchar -> org.hibernate.type.BasicTypeReference@4fb64e14
2023-12-22T18:36:27.039-06:00 DEBUG 25164 --- [           main] org.hibernate.type.BasicTypeRegistry     : Adding type registration string -> org.hibernate.type.BasicTypeReference@118041c7
2023-12-22T18:36:27.039-06:00 DEBUG 25164 --- [           main] org.hibernate.type.BasicTypeRegistry     : Adding type registration java.lang.String -> org.hibernate.type.BasicTypeReference@118041c7
2023-12-22T18:36:27.039-06:00 DEBUG 25164 --- [           main] org.hibernate.type.BasicTypeRegistry     : Adding type registration nstring -> org.hibernate.type.BasicTypeReference@a2b54e3
2023-12-22T18:36:27.040-06:00 DEBUG 25164 --- [           main] org.hibernate.type.BasicTypeRegistry     : Adding type registration characters -> org.hibernate.type.BasicTypeReference@5c4cc644
2023-12-22T18:36:27.040-06:00 DEBUG 25164 --- [           main] org.hibernate.type.BasicTypeRegistry     : Adding type registration char[] -> org.hibernate.type.BasicTypeReference@5c4cc644
2023-12-22T18:36:27.040-06:00 DEBUG 25164 --- [           main] org.hibernate.type.BasicTypeRegistry     : Adding type registration [C -> org.hibernate.type.BasicTypeReference@5c4cc644
2023-12-22T18:36:27.040-06:00 DEBUG 25164 --- [           main] org.hibernate.type.BasicTypeRegistry     : Adding type registration wrapper-characters -> org.hibernate.type.BasicTypeReference@21f7e537
2023-12-22T18:36:27.040-06:00 DEBUG 25164 --- [           main] org.hibernate.type.BasicTypeRegistry     : Adding type registration text -> org.hibernate.type.BasicTypeReference@32ea16b7
2023-12-22T18:36:27.040-06:00 DEBUG 25164 --- [           main] org.hibernate.type.BasicTypeRegistry     : Adding type registration ntext -> org.hibernate.type.BasicTypeReference@62b6c045
2023-12-22T18:36:27.040-06:00 DEBUG 25164 --- [           main] org.hibernate.type.BasicTypeRegistry     : Adding type registration clob -> org.hibernate.type.BasicTypeReference@58f254b1
2023-12-22T18:36:27.040-06:00 DEBUG 25164 --- [           main] org.hibernate.type.BasicTypeRegistry     : Adding type registration java.sql.Clob -> org.hibernate.type.BasicTypeReference@58f254b1
2023-12-22T18:36:27.040-06:00 DEBUG 25164 --- [           main] org.hibernate.type.BasicTypeRegistry     : Adding type registration nclob -> org.hibernate.type.BasicTypeReference@46b2dcc5
2023-12-22T18:36:27.040-06:00 DEBUG 25164 --- [           main] org.hibernate.type.BasicTypeRegistry     : Adding type registration java.sql.NClob -> org.hibernate.type.BasicTypeReference@46b2dcc5
2023-12-22T18:36:27.040-06:00 DEBUG 25164 --- [           main] org.hibernate.type.BasicTypeRegistry     : Adding type registration materialized_clob -> org.hibernate.type.BasicTypeReference@240f350a
2023-12-22T18:36:27.041-06:00 DEBUG 25164 --- [           main] org.hibernate.type.BasicTypeRegistry     : Adding type registration materialized_clob_char_array -> org.hibernate.type.BasicTypeReference@706f6d26
2023-12-22T18:36:27.041-06:00 DEBUG 25164 --- [           main] org.hibernate.type.BasicTypeRegistry     : Adding type registration materialized_clob_character_array -> org.hibernate.type.BasicTypeReference@3af2f846
2023-12-22T18:36:27.041-06:00 DEBUG 25164 --- [           main] org.hibernate.type.BasicTypeRegistry     : Adding type registration materialized_nclob -> org.hibernate.type.BasicTypeReference@6af65f29
2023-12-22T18:36:27.041-06:00 DEBUG 25164 --- [           main] org.hibernate.type.BasicTypeRegistry     : Adding type registration materialized_nclob_character_array -> org.hibernate.type.BasicTypeReference@370c9018
2023-12-22T18:36:27.041-06:00 DEBUG 25164 --- [           main] org.hibernate.type.BasicTypeRegistry     : Adding type registration materialized_nclob_char_array -> org.hibernate.type.BasicTypeReference@3c81cd82
2023-12-22T18:36:27.041-06:00 DEBUG 25164 --- [           main] org.hibernate.type.BasicTypeRegistry     : Adding type registration Duration -> org.hibernate.type.BasicTypeReference@111c229c
2023-12-22T18:36:27.041-06:00 DEBUG 25164 --- [           main] org.hibernate.type.BasicTypeRegistry     : Adding type registration java.time.Duration -> org.hibernate.type.BasicTypeReference@111c229c
2023-12-22T18:36:27.041-06:00 DEBUG 25164 --- [           main] org.hibernate.type.BasicTypeRegistry     : Adding type registration LocalDateTime -> org.hibernate.type.BasicTypeReference@49cb3881
2023-12-22T18:36:27.041-06:00 DEBUG 25164 --- [           main] org.hibernate.type.BasicTypeRegistry     : Adding type registration java.time.LocalDateTime -> org.hibernate.type.BasicTypeReference@49cb3881
2023-12-22T18:36:27.041-06:00 DEBUG 25164 --- [           main] org.hibernate.type.BasicTypeRegistry     : Adding type registration LocalDate -> org.hibernate.type.BasicTypeReference@1a14fdf0
2023-12-22T18:36:27.042-06:00 DEBUG 25164 --- [           main] org.hibernate.type.BasicTypeRegistry     : Adding type registration java.time.LocalDate -> org.hibernate.type.BasicTypeReference@1a14fdf0
2023-12-22T18:36:27.042-06:00 DEBUG 25164 --- [           main] org.hibernate.type.BasicTypeRegistry     : Adding type registration LocalTime -> org.hibernate.type.BasicTypeReference@284bdeed
2023-12-22T18:36:27.042-06:00 DEBUG 25164 --- [           main] org.hibernate.type.BasicTypeRegistry     : Adding type registration java.time.LocalTime -> org.hibernate.type.BasicTypeReference@284bdeed
2023-12-22T18:36:27.042-06:00 DEBUG 25164 --- [           main] org.hibernate.type.BasicTypeRegistry     : Adding type registration OffsetDateTime -> org.hibernate.type.BasicTypeReference@58b311ba
2023-12-22T18:36:27.042-06:00 DEBUG 25164 --- [           main] org.hibernate.type.BasicTypeRegistry     : Adding type registration java.time.OffsetDateTime -> org.hibernate.type.BasicTypeReference@58b311ba
2023-12-22T18:36:27.042-06:00 DEBUG 25164 --- [           main] org.hibernate.type.BasicTypeRegistry     : Adding type registration OffsetDateTimeWithTimezone -> org.hibernate.type.BasicTypeReference@482c351d
2023-12-22T18:36:27.042-06:00 DEBUG 25164 --- [           main] org.hibernate.type.BasicTypeRegistry     : Adding type registration OffsetDateTimeWithoutTimezone -> org.hibernate.type.BasicTypeReference@75eaba95
2023-12-22T18:36:27.042-06:00 DEBUG 25164 --- [           main] org.hibernate.type.BasicTypeRegistry     : Adding type registration OffsetTime -> org.hibernate.type.BasicTypeReference@320be73
2023-12-22T18:36:27.042-06:00 DEBUG 25164 --- [           main] org.hibernate.type.BasicTypeRegistry     : Adding type registration java.time.OffsetTime -> org.hibernate.type.BasicTypeReference@320be73
2023-12-22T18:36:27.042-06:00 DEBUG 25164 --- [           main] org.hibernate.type.BasicTypeRegistry     : Adding type registration OffsetTimeUtc -> org.hibernate.type.BasicTypeReference@435e416c
2023-12-22T18:36:27.042-06:00 DEBUG 25164 --- [           main] org.hibernate.type.BasicTypeRegistry     : Adding type registration OffsetTimeWithTimezone -> org.hibernate.type.BasicTypeReference@6af310c7
2023-12-22T18:36:27.042-06:00 DEBUG 25164 --- [           main] org.hibernate.type.BasicTypeRegistry     : Adding type registration OffsetTimeWithoutTimezone -> org.hibernate.type.BasicTypeReference@4aed311e
2023-12-22T18:36:27.042-06:00 DEBUG 25164 --- [           main] org.hibernate.type.BasicTypeRegistry     : Adding type registration ZonedDateTime -> org.hibernate.type.BasicTypeReference@4c38cd16
2023-12-22T18:36:27.042-06:00 DEBUG 25164 --- [           main] org.hibernate.type.BasicTypeRegistry     : Adding type registration java.time.ZonedDateTime -> org.hibernate.type.BasicTypeReference@4c38cd16
2023-12-22T18:36:27.042-06:00 DEBUG 25164 --- [           main] org.hibernate.type.BasicTypeRegistry     : Adding type registration ZonedDateTimeWithTimezone -> org.hibernate.type.BasicTypeReference@7ddcb0dc
2023-12-22T18:36:27.042-06:00 DEBUG 25164 --- [           main] org.hibernate.type.BasicTypeRegistry     : Adding type registration ZonedDateTimeWithoutTimezone -> org.hibernate.type.BasicTypeReference@f5bf288
2023-12-22T18:36:27.042-06:00 DEBUG 25164 --- [           main] org.hibernate.type.BasicTypeRegistry     : Adding type registration date -> org.hibernate.type.BasicTypeReference@2c1d57bc
2023-12-22T18:36:27.042-06:00 DEBUG 25164 --- [           main] org.hibernate.type.BasicTypeRegistry     : Adding type registration java.sql.Date -> org.hibernate.type.BasicTypeReference@2c1d57bc
2023-12-22T18:36:27.042-06:00 DEBUG 25164 --- [           main] org.hibernate.type.BasicTypeRegistry     : Adding type registration time -> org.hibernate.type.BasicTypeReference@26c77f54
2023-12-22T18:36:27.042-06:00 DEBUG 25164 --- [           main] org.hibernate.type.BasicTypeRegistry     : Adding type registration java.sql.Time -> org.hibernate.type.BasicTypeReference@26c77f54
2023-12-22T18:36:27.042-06:00 DEBUG 25164 --- [           main] org.hibernate.type.BasicTypeRegistry     : Adding type registration timestamp -> org.hibernate.type.BasicTypeReference@3e856100
2023-12-22T18:36:27.044-06:00 DEBUG 25164 --- [           main] org.hibernate.type.BasicTypeRegistry     : Adding type registration java.sql.Timestamp -> org.hibernate.type.BasicTypeReference@3e856100
2023-12-22T18:36:27.044-06:00 DEBUG 25164 --- [           main] org.hibernate.type.BasicTypeRegistry     : Adding type registration java.util.Date -> org.hibernate.type.BasicTypeReference@3e856100
2023-12-22T18:36:27.044-06:00 DEBUG 25164 --- [           main] org.hibernate.type.BasicTypeRegistry     : Adding type registration calendar -> org.hibernate.type.BasicTypeReference@6e9a0bea
2023-12-22T18:36:27.044-06:00 DEBUG 25164 --- [           main] org.hibernate.type.BasicTypeRegistry     : Adding type registration java.util.Calendar -> org.hibernate.type.BasicTypeReference@6e9a0bea
2023-12-22T18:36:27.044-06:00 DEBUG 25164 --- [           main] org.hibernate.type.BasicTypeRegistry     : Adding type registration java.util.GregorianCalendar -> org.hibernate.type.BasicTypeReference@6e9a0bea
2023-12-22T18:36:27.044-06:00 DEBUG 25164 --- [           main] org.hibernate.type.BasicTypeRegistry     : Adding type registration calendar_date -> org.hibernate.type.BasicTypeReference@28fc1132
2023-12-22T18:36:27.044-06:00 DEBUG 25164 --- [           main] org.hibernate.type.BasicTypeRegistry     : Adding type registration calendar_time -> org.hibernate.type.BasicTypeReference@355ce6a6
2023-12-22T18:36:27.044-06:00 DEBUG 25164 --- [           main] org.hibernate.type.BasicTypeRegistry     : Adding type registration instant -> org.hibernate.type.BasicTypeReference@20440c6c
2023-12-22T18:36:27.044-06:00 DEBUG 25164 --- [           main] org.hibernate.type.BasicTypeRegistry     : Adding type registration java.time.Instant -> org.hibernate.type.BasicTypeReference@20440c6c
2023-12-22T18:36:27.044-06:00 DEBUG 25164 --- [           main] org.hibernate.type.BasicTypeRegistry     : Adding type registration uuid -> org.hibernate.type.BasicTypeReference@1e3f86d5
2023-12-22T18:36:27.044-06:00 DEBUG 25164 --- [           main] org.hibernate.type.BasicTypeRegistry     : Adding type registration java.util.UUID -> org.hibernate.type.BasicTypeReference@1e3f86d5
2023-12-22T18:36:27.044-06:00 DEBUG 25164 --- [           main] org.hibernate.type.BasicTypeRegistry     : Adding type registration pg-uuid -> org.hibernate.type.BasicTypeReference@1e3f86d5
2023-12-22T18:36:27.044-06:00 DEBUG 25164 --- [           main] org.hibernate.type.BasicTypeRegistry     : Adding type registration uuid-binary -> org.hibernate.type.BasicTypeReference@560271a1
2023-12-22T18:36:27.044-06:00 DEBUG 25164 --- [           main] org.hibernate.type.BasicTypeRegistry     : Adding type registration uuid-char -> org.hibernate.type.BasicTypeReference@4b9c411
2023-12-22T18:36:27.044-06:00 DEBUG 25164 --- [           main] org.hibernate.type.BasicTypeRegistry     : Adding type registration class -> org.hibernate.type.BasicTypeReference@41e9f86
2023-12-22T18:36:27.044-06:00 DEBUG 25164 --- [           main] org.hibernate.type.BasicTypeRegistry     : Adding type registration java.lang.Class -> org.hibernate.type.BasicTypeReference@41e9f86
2023-12-22T18:36:27.044-06:00 DEBUG 25164 --- [           main] org.hibernate.type.BasicTypeRegistry     : Adding type registration currency -> org.hibernate.type.BasicTypeReference@66f5b8fe
2023-12-22T18:36:27.044-06:00 DEBUG 25164 --- [           main] org.hibernate.type.BasicTypeRegistry     : Adding type registration Currency -> org.hibernate.type.BasicTypeReference@66f5b8fe
2023-12-22T18:36:27.044-06:00 DEBUG 25164 --- [           main] org.hibernate.type.BasicTypeRegistry     : Adding type registration java.util.Currency -> org.hibernate.type.BasicTypeReference@66f5b8fe
2023-12-22T18:36:27.044-06:00 DEBUG 25164 --- [           main] org.hibernate.type.BasicTypeRegistry     : Adding type registration locale -> org.hibernate.type.BasicTypeReference@233f52f8
2023-12-22T18:36:27.044-06:00 DEBUG 25164 --- [           main] org.hibernate.type.BasicTypeRegistry     : Adding type registration java.util.Locale -> org.hibernate.type.BasicTypeReference@233f52f8
2023-12-22T18:36:27.044-06:00 DEBUG 25164 --- [           main] org.hibernate.type.BasicTypeRegistry     : Adding type registration serializable -> org.hibernate.type.BasicTypeReference@69ec93c2
2023-12-22T18:36:27.045-06:00 DEBUG 25164 --- [           main] org.hibernate.type.BasicTypeRegistry     : Adding type registration java.io.Serializable -> org.hibernate.type.BasicTypeReference@69ec93c2
2023-12-22T18:36:27.045-06:00 DEBUG 25164 --- [           main] org.hibernate.type.BasicTypeRegistry     : Adding type registration timezone -> org.hibernate.type.BasicTypeReference@19fec3d6
2023-12-22T18:36:27.045-06:00 DEBUG 25164 --- [           main] org.hibernate.type.BasicTypeRegistry     : Adding type registration java.util.TimeZone -> org.hibernate.type.BasicTypeReference@19fec3d6
2023-12-22T18:36:27.045-06:00 DEBUG 25164 --- [           main] org.hibernate.type.BasicTypeRegistry     : Adding type registration ZoneOffset -> org.hibernate.type.BasicTypeReference@5287ba5f
2023-12-22T18:36:27.045-06:00 DEBUG 25164 --- [           main] org.hibernate.type.BasicTypeRegistry     : Adding type registration java.time.ZoneOffset -> org.hibernate.type.BasicTypeReference@5287ba5f
2023-12-22T18:36:27.045-06:00 DEBUG 25164 --- [           main] org.hibernate.type.BasicTypeRegistry     : Adding type registration url -> org.hibernate.type.BasicTypeReference@b768a65
2023-12-22T18:36:27.045-06:00 DEBUG 25164 --- [           main] org.hibernate.type.BasicTypeRegistry     : Adding type registration java.net.URL -> org.hibernate.type.BasicTypeReference@b768a65
2023-12-22T18:36:27.045-06:00 DEBUG 25164 --- [           main] org.hibernate.type.BasicTypeRegistry     : Adding type registration vector -> org.hibernate.type.BasicTypeReference@6897a4a
2023-12-22T18:36:27.045-06:00 DEBUG 25164 --- [           main] org.hibernate.type.BasicTypeRegistry     : Adding type registration row_version -> org.hibernate.type.BasicTypeReference@6986f93e
2023-12-22T18:36:27.049-06:00 DEBUG 25164 --- [           main] org.hibernate.type.BasicTypeRegistry     : Adding type registration object -> org.hibernate.type.JavaObjectType@39023dbf
2023-12-22T18:36:27.049-06:00 DEBUG 25164 --- [           main] org.hibernate.type.BasicTypeRegistry     : Adding type registration java.lang.Object -> org.hibernate.type.JavaObjectType@39023dbf
2023-12-22T18:36:27.050-06:00 DEBUG 25164 --- [           main] org.hibernate.type.BasicTypeRegistry     : Adding type registration null -> org.hibernate.type.NullType@59c43561
2023-12-22T18:36:27.050-06:00 DEBUG 25164 --- [           main] org.hibernate.type.BasicTypeRegistry     : Adding type registration imm_date -> org.hibernate.type.BasicTypeReference@634f58d2
2023-12-22T18:36:27.050-06:00 DEBUG 25164 --- [           main] org.hibernate.type.BasicTypeRegistry     : Adding type registration imm_time -> org.hibernate.type.BasicTypeReference@585513a8
2023-12-22T18:36:27.050-06:00 DEBUG 25164 --- [           main] org.hibernate.type.BasicTypeRegistry     : Adding type registration imm_timestamp -> org.hibernate.type.BasicTypeReference@7b18658a
2023-12-22T18:36:27.051-06:00 DEBUG 25164 --- [           main] org.hibernate.type.BasicTypeRegistry     : Adding type registration imm_calendar -> org.hibernate.type.BasicTypeReference@30f28b5
2023-12-22T18:36:27.051-06:00 DEBUG 25164 --- [           main] org.hibernate.type.BasicTypeRegistry     : Adding type registration imm_calendar_date -> org.hibernate.type.BasicTypeReference@1a1f79ce
2023-12-22T18:36:27.051-06:00 DEBUG 25164 --- [           main] org.hibernate.type.BasicTypeRegistry     : Adding type registration imm_calendar_time -> org.hibernate.type.BasicTypeReference@6aa7e176
2023-12-22T18:36:27.051-06:00 DEBUG 25164 --- [           main] org.hibernate.type.BasicTypeRegistry     : Adding type registration imm_binary -> org.hibernate.type.BasicTypeReference@52abed9d
2023-12-22T18:36:27.051-06:00 DEBUG 25164 --- [           main] org.hibernate.type.BasicTypeRegistry     : Adding type registration imm_serializable -> org.hibernate.type.BasicTypeReference@281b2dfd
2023-12-22T18:36:27.218-06:00  INFO 25164 --- [           main] o.s.o.j.p.SpringPersistenceUnitInfo      : No LoadTimeWeaver setup: ignoring JPA class transformer
2023-12-22T18:36:27.246-06:00  INFO 25164 --- [           main] com.zaxxer.hikari.HikariDataSource       : HikariPool-1 - Starting...
2023-12-22T18:36:29.059-06:00  INFO 25164 --- [           main] com.zaxxer.hikari.pool.HikariPool        : HikariPool-1 - Added connection org.postgresql.jdbc.PgConnection@329b331f
2023-12-22T18:36:29.060-06:00  INFO 25164 --- [           main] com.zaxxer.hikari.HikariDataSource       : HikariPool-1 - Start completed.
2023-12-22T18:36:29.218-06:00  WARN 25164 --- [           main] org.hibernate.dialect.Dialect            : HHH000511: The 11.22.0 version for [org.hibernate.dialect.PostgreSQLDialect] is no longer supported, hence certain features may not work properly. The minimum supported version is 12.0.0. Check the community dialects project for available legacy versions.
2023-12-22T18:36:29.223-06:00  WARN 25164 --- [           main] org.hibernate.orm.deprecation            : HHH90000025: PostgreSQLDialect does not need to be specified explicitly using 'hibernate.dialect' (remove the property setting and it will be selected by default)
2023-12-22T18:36:29.506-06:00 DEBUG 25164 --- [           main] o.h.t.d.sql.spi.DdlTypeRegistry          : addDescriptor(2003, org.hibernate.type.descriptor.sql.internal.ArrayDdlTypeImpl@4540c7) replaced previous registration(org.hibernate.type.descriptor.sql.internal.ArrayDdlTypeImpl@13c90c06)
2023-12-22T18:36:29.506-06:00 DEBUG 25164 --- [           main] o.h.t.d.sql.spi.DdlTypeRegistry          : addDescriptor(6, org.hibernate.type.descriptor.sql.internal.CapacityDependentDdlType@2bc0b8c8) replaced previous registration(org.hibernate.type.descriptor.sql.internal.DdlTypeImpl@15f861ee)
2023-12-22T18:36:29.509-06:00 DEBUG 25164 --- [           main] o.h.t.d.jdbc.spi.JdbcTypeRegistry        : addDescriptor(2004, BlobTypeDescriptor(BLOB_BINDING)) replaced previous registration(BlobTypeDescriptor(DEFAULT))
2023-12-22T18:36:29.509-06:00 DEBUG 25164 --- [           main] o.h.t.d.jdbc.spi.JdbcTypeRegistry        : addDescriptor(2005, ClobTypeDescriptor(CLOB_BINDING)) replaced previous registration(ClobTypeDescriptor(DEFAULT))
2023-12-22T18:36:29.515-06:00 DEBUG 25164 --- [           main] org.hibernate.type.BasicTypeRegistry     : Adding type registration JAVA_OBJECT -> org.hibernate.type.JavaObjectType@59127611
2023-12-22T18:36:29.515-06:00 DEBUG 25164 --- [           main] org.hibernate.type.BasicTypeRegistry     : Adding type registration java.lang.Object -> org.hibernate.type.JavaObjectType@59127611
2023-12-22T18:36:29.515-06:00 DEBUG 25164 --- [           main] org.hibernate.type.BasicTypeRegistry     : Type registration key [java.lang.Object] overrode previous entry : `org.hibernate.type.JavaObjectType@39023dbf`
2023-12-22T18:36:29.518-06:00 DEBUG 25164 --- [           main] org.hibernate.type.BasicTypeRegistry     : Adding type registration org.hibernate.type.DurationType -> basicType@1(java.time.Duration,2)
2023-12-22T18:36:29.518-06:00 DEBUG 25164 --- [           main] org.hibernate.type.BasicTypeRegistry     : Adding type registration Duration -> basicType@1(java.time.Duration,2)
2023-12-22T18:36:29.518-06:00 DEBUG 25164 --- [           main] org.hibernate.type.BasicTypeRegistry     : Adding type registration java.time.Duration -> basicType@1(java.time.Duration,2)
2023-12-22T18:36:29.524-06:00 DEBUG 25164 --- [           main] org.hibernate.type.BasicTypeRegistry     : Adding type registration org.hibernate.type.OffsetDateTimeType -> basicType@2(java.time.OffsetDateTime,3003)
2023-12-22T18:36:29.524-06:00 DEBUG 25164 --- [           main] org.hibernate.type.BasicTypeRegistry     : Adding type registration OffsetDateTime -> basicType@2(java.time.OffsetDateTime,3003)
2023-12-22T18:36:29.524-06:00 DEBUG 25164 --- [           main] org.hibernate.type.BasicTypeRegistry     : Adding type registration java.time.OffsetDateTime -> basicType@2(java.time.OffsetDateTime,3003)
2023-12-22T18:36:29.524-06:00 DEBUG 25164 --- [           main] org.hibernate.type.BasicTypeRegistry     : Adding type registration org.hibernate.type.ZonedDateTimeType -> basicType@3(java.time.ZonedDateTime,3003)
2023-12-22T18:36:29.524-06:00 DEBUG 25164 --- [           main] org.hibernate.type.BasicTypeRegistry     : Adding type registration ZonedDateTime -> basicType@3(java.time.ZonedDateTime,3003)
2023-12-22T18:36:29.524-06:00 DEBUG 25164 --- [           main] org.hibernate.type.BasicTypeRegistry     : Adding type registration java.time.ZonedDateTime -> basicType@3(java.time.ZonedDateTime,3003)
2023-12-22T18:36:29.525-06:00 DEBUG 25164 --- [           main] org.hibernate.type.BasicTypeRegistry     : Adding type registration org.hibernate.type.OffsetTimeType -> basicType@4(java.time.OffsetTime,3007)
2023-12-22T18:36:29.525-06:00 DEBUG 25164 --- [           main] org.hibernate.type.BasicTypeRegistry     : Adding type registration OffsetTime -> basicType@4(java.time.OffsetTime,3007)
2023-12-22T18:36:29.525-06:00 DEBUG 25164 --- [           main] org.hibernate.type.BasicTypeRegistry     : Adding type registration java.time.OffsetTime -> basicType@4(java.time.OffsetTime,3007)
2023-12-22T18:36:29.526-06:00 DEBUG 25164 --- [           main] o.h.type.spi.TypeConfiguration$Scope     : Scoping TypeConfiguration [org.hibernate.type.spi.TypeConfiguration@46524ebe] to MetadataBuildingContext [org.hibernate.boot.internal.MetadataBuildingContextRootImpl@1de85972]
2023-12-22T18:36:30.314-06:00  INFO 25164 --- [           main] o.h.e.t.j.p.i.JtaPlatformInitiator       : HHH000489: No JTA platform available (set 'hibernate.transaction.jta.platform' to enable JTA platform integration)
2023-12-22T18:36:30.315-06:00 DEBUG 25164 --- [           main] o.h.type.spi.TypeConfiguration$Scope     : Scoping TypeConfiguration [org.hibernate.type.spi.TypeConfiguration@46524ebe] to SessionFactoryImplementor [org.hibernate.internal.SessionFactoryImpl@29bf90fc]
2023-12-22T18:36:30.333-06:00 DEBUG 25164 --- [           main] org.hibernate.SQL                        : alter table if exists producto drop constraint if exists FKodqr7965ok9rwquj1utiamt0m
2023-12-22T18:36:30.592-06:00  WARN 25164 --- [           main] o.h.engine.jdbc.spi.SqlExceptionHelper   : SQL Warning Code: 0, SQLState: 00000
2023-12-22T18:36:30.592-06:00  WARN 25164 --- [           main] o.h.engine.jdbc.spi.SqlExceptionHelper   : relation "producto" does not exist, skipping
2023-12-22T18:36:30.592-06:00 DEBUG 25164 --- [           main] org.hibernate.SQL                        : alter table if exists usuariorol drop constraint if exists FKma8uchk1lqibqso19rervorn8
2023-12-22T18:36:30.723-06:00  WARN 25164 --- [           main] o.h.engine.jdbc.spi.SqlExceptionHelper   : SQL Warning Code: 0, SQLState: 00000
2023-12-22T18:36:30.723-06:00  WARN 25164 --- [           main] o.h.engine.jdbc.spi.SqlExceptionHelper   : relation "usuariorol" does not exist, skipping
2023-12-22T18:36:30.723-06:00 DEBUG 25164 --- [           main] org.hibernate.SQL                        : alter table if exists usuariorol drop constraint if exists FKfogtq6nbesir0pi6slh8lrh7t
2023-12-22T18:36:30.854-06:00  WARN 25164 --- [           main] o.h.engine.jdbc.spi.SqlExceptionHelper   : SQL Warning Code: 0, SQLState: 00000
2023-12-22T18:36:30.854-06:00  WARN 25164 --- [           main] o.h.engine.jdbc.spi.SqlExceptionHelper   : relation "usuariorol" does not exist, skipping
2023-12-22T18:36:30.855-06:00 DEBUG 25164 --- [           main] org.hibernate.SQL                        : drop table if exists categoria cascade
2023-12-22T18:36:31.001-06:00  WARN 25164 --- [           main] o.h.engine.jdbc.spi.SqlExceptionHelper   : SQL Warning Code: 0, SQLState: 00000
2023-12-22T18:36:31.001-06:00  WARN 25164 --- [           main] o.h.engine.jdbc.spi.SqlExceptionHelper   : table "categoria" does not exist, skipping
2023-12-22T18:36:31.001-06:00 DEBUG 25164 --- [           main] org.hibernate.SQL                        : drop table if exists producto cascade
2023-12-22T18:36:31.130-06:00  WARN 25164 --- [           main] o.h.engine.jdbc.spi.SqlExceptionHelper   : SQL Warning Code: 0, SQLState: 00000
2023-12-22T18:36:31.131-06:00  WARN 25164 --- [           main] o.h.engine.jdbc.spi.SqlExceptionHelper   : table "producto" does not exist, skipping
2023-12-22T18:36:31.131-06:00 DEBUG 25164 --- [           main] org.hibernate.SQL                        : drop table if exists rol cascade
2023-12-22T18:36:31.259-06:00  WARN 25164 --- [           main] o.h.engine.jdbc.spi.SqlExceptionHelper   : SQL Warning Code: 0, SQLState: 00000
2023-12-22T18:36:31.260-06:00  WARN 25164 --- [           main] o.h.engine.jdbc.spi.SqlExceptionHelper   : table "rol" does not exist, skipping
2023-12-22T18:36:31.260-06:00 DEBUG 25164 --- [           main] org.hibernate.SQL                        : drop table if exists usuario cascade
2023-12-22T18:36:31.391-06:00  WARN 25164 --- [           main] o.h.engine.jdbc.spi.SqlExceptionHelper   : SQL Warning Code: 0, SQLState: 00000
2023-12-22T18:36:31.391-06:00  WARN 25164 --- [           main] o.h.engine.jdbc.spi.SqlExceptionHelper   : table "usuario" does not exist, skipping
2023-12-22T18:36:31.391-06:00 DEBUG 25164 --- [           main] org.hibernate.SQL                        : drop table if exists usuariorol cascade
2023-12-22T18:36:31.518-06:00  WARN 25164 --- [           main] o.h.engine.jdbc.spi.SqlExceptionHelper   : SQL Warning Code: 0, SQLState: 00000
2023-12-22T18:36:31.518-06:00  WARN 25164 --- [           main] o.h.engine.jdbc.spi.SqlExceptionHelper   : table "usuariorol" does not exist, skipping
2023-12-22T18:36:31.522-06:00 DEBUG 25164 --- [           main] org.hibernate.SQL                        : create table categoria (estado boolean not null, id bigserial not null, descripcion varchar(255) not null, nombre varchar(255) not null, primary key (id))
2023-12-22T18:36:31.671-06:00 DEBUG 25164 --- [           main] org.hibernate.SQL                        : create table producto (categoria_id bigint, id bigserial not null, codigobarras varchar(255) not null, descripcion varchar(255) not null, nombre varchar(255) not null, primary key (id))
2023-12-22T18:36:31.806-06:00 DEBUG 25164 --- [           main] org.hibernate.SQL                        : create table rol (id bigserial not null, nombre varchar(255), primary key (id))
2023-12-22T18:36:31.935-06:00 DEBUG 25164 --- [           main] org.hibernate.SQL                        : create table usuario (estado boolean not null, id bigserial not null, apellido varchar(255) not null, email varchar(255) not null, nombre varchar(255) not null, password varchar(255) not null, telefono varchar(255) not null, usuario varchar(255) not null, primary key (id))
2023-12-22T18:36:32.080-06:00 DEBUG 25164 --- [           main] org.hibernate.SQL                        : create table usuariorol (id bigserial not null, rol_id bigint, usuario_id bigint, primary key (id))
2023-12-22T18:36:32.214-06:00 DEBUG 25164 --- [           main] org.hibernate.SQL                        : alter table if exists producto add constraint FKodqr7965ok9rwquj1utiamt0m foreign key (categoria_id) references categoria
2023-12-22T18:36:32.341-06:00 DEBUG 25164 --- [           main] org.hibernate.SQL                        : alter table if exists usuariorol add constraint FKma8uchk1lqibqso19rervorn8 foreign key (rol_id) references rol
2023-12-22T18:36:32.467-06:00 DEBUG 25164 --- [           main] org.hibernate.SQL                        : alter table if exists usuariorol add constraint FKfogtq6nbesir0pi6slh8lrh7t foreign key (usuario_id) references usuario
2023-12-22T18:36:32.599-06:00 TRACE 25164 --- [           main] o.h.type.spi.TypeConfiguration$Scope     : Handling #sessionFactoryCreated from [org.hibernate.internal.SessionFactoryImpl@29bf90fc] for TypeConfiguration
2023-12-22T18:36:32.599-06:00  INFO 25164 --- [           main] j.LocalContainerEntityManagerFactoryBean : Initialized JPA EntityManagerFactory for persistence unit 'default'
2023-12-22T18:36:33.149-06:00  WARN 25164 --- [           main] JpaBaseConfiguration$JpaWebConfiguration : spring.jpa.open-in-view is enabled by default. Therefore, database queries may be performed during view rendering. Explicitly configure spring.jpa.open-in-view to disable this warning
2023-12-22T18:36:33.458-06:00  INFO 25164 --- [           main] o.s.s.web.DefaultSecurityFilterChain     : Will secure any request with [org.springframework.security.web.session.DisableEncodeUrlFilter@4f0f56f5, org.springframework.security.web.context.request.async.WebAsyncManagerIntegrationFilter@6edb093f, org.springframework.security.web.context.SecurityContextHolderFilter@2a5c115b, org.springframework.security.web.header.HeaderWriterFilter@6dd7af2f, org.springframework.web.filter.CorsFilter@7f5c4ff8, org.springframework.security.web.authentication.logout.LogoutFilter@24ae2183, com.api.store.securityconfig.JwtAuthenticationFilter@5c9168c3, org.springframework.security.web.savedrequest.RequestCacheAwareFilter@20f3291d, org.springframework.security.web.servletapi.SecurityContextHolderAwareRequestFilter@2f51b100, org.springframework.security.web.authentication.AnonymousAuthenticationFilter@7692c0e9, org.springframework.security.web.session.SessionManagementFilter@f9d8285, org.springframework.security.web.access.ExceptionTranslationFilter@435e224d, org.springframework.security.web.access.intercept.AuthorizationFilter@4a6d6308]
2023-12-22T18:36:33.755-06:00  INFO 25164 --- [           main] com.api.store.StoreApplicationTests      : Started StoreApplicationTests in 8.381 seconds (process running for 9.259)
]]></system-out>
  </testcase>
</testsuite>