<?xml version="1.0" encoding="UTF-8"?>
<testsuite xmlns:xsi="http://www.w3.org/2001/XMLSchema-instance" xsi:noNamespaceSchemaLocation="https://maven.apache.org/surefire/maven-surefire-plugin/xsd/surefire-test-report-3.0.xsd" version="3.0" name="com.api.store.StoreApplicationTests" time="9.457" tests="1" errors="0" skipped="0" failures="0">
  <properties>
[...]
</properties>
  <testcase name="contextLoads" classname="com.api.store.StoreApplicationTests" time="0.379">
    <system-out><![CDATA[19:01:51.891 [main] INFO org.springframework.test.context.support.AnnotationConfigContextLoaderUtils -- Could not detect default configuration classes for test class [com.api.store.StoreApplicationTests]: StoreApplicationTests does not declare any static, non-private, non-final, nested classes annotated with @Configuration.
19:01:51.985 [main] INFO org.springframework.boot.test.context.SpringBootTestContextBootstrapper -- Found @SpringBootConfiguration com.api.store.StoreApplication for test class com.api.store.StoreApplicationTests

  .   ____          _            __ _ _
 /\\ / ___'_ __ _ _(_)_ __  __ _ \ \ \ \
( ( )\___ | '_ | '_| | '_ \/ _` | \ \ \ \
 \\/  ___)| |_)| | | | | || (_| |  ) ) ) )
  '  |____| .__|_| |_|_| |_\__, | / / / /
 =========|_|==============|___/=/_/_/_/
 :: Spring Boot ::                (v3.2.1)

2023-12-22T19:01:52.377-06:00  INFO 6292 --- [           main] com.api.store.StoreApplicationTests      : Starting StoreApplicationTests using Java 17.0.9 with PID 6292 (started by Diego in C:\Users\Diego\Documents\API SPRINGBOOT\store\store)
2023-12-22T19:01:52.378-06:00  INFO 6292 --- [           main] com.api.store.StoreApplicationTests      : No active profile set, falling back to 1 default profile: "default"
2023-12-22T19:01:53.029-06:00  INFO 6292 --- [           main] .s.d.r.c.RepositoryConfigurationDelegate : Bootstrapping Spring Data JPA repositories in DEFAULT mode.
2023-12-22T19:01:53.091-06:00  INFO 6292 --- [           main] .s.d.r.c.RepositoryConfigurationDelegate : Finished Spring Data repository scanning in 54 ms. Found 3 JPA repository interfaces.
2023-12-22T19:01:53.526-06:00  INFO 6292 --- [           main] o.hibernate.jpa.internal.util.LogHelper  : HHH000204: Processing PersistenceUnitInfo [name: default]
2023-12-22T19:01:53.581-06:00  INFO 6292 --- [           main] org.hibernate.Version                    : HHH000412: Hibernate ORM core version 6.4.1.Final
2023-12-22T19:01:53.614-06:00  INFO 6292 --- [           main] o.h.c.internal.RegionFactoryInitiator    : HHH000026: Second-level cache disabled
2023-12-22T19:01:53.731-06:00 DEBUG 6292 --- [           main] org.hibernate.type.BasicTypeRegistry     : Adding type registration boolean -> org.hibernate.type.BasicTypeReference@11c88cca
2023-12-22T19:01:53.731-06:00 DEBUG 6292 --- [           main] org.hibernate.type.BasicTypeRegistry     : Adding type registration boolean -> org.hibernate.type.BasicTypeReference@11c88cca
2023-12-22T19:01:53.731-06:00 DEBUG 6292 --- [           main] org.hibernate.type.BasicTypeRegistry     : Adding type registration java.lang.Boolean -> org.hibernate.type.BasicTypeReference@11c88cca
2023-12-22T19:01:53.731-06:00 DEBUG 6292 --- [           main] org.hibernate.type.BasicTypeRegistry     : Adding type registration numeric_boolean -> org.hibernate.type.BasicTypeReference@1b37fbec
2023-12-22T19:01:53.731-06:00 DEBUG 6292 --- [           main] org.hibernate.type.BasicTypeRegistry     : Adding type registration org.hibernate.type.NumericBooleanConverter -> org.hibernate.type.BasicTypeReference@1b37fbec
2023-12-22T19:01:53.731-06:00 DEBUG 6292 --- [           main] org.hibernate.type.BasicTypeRegistry     : Adding type registration true_false -> org.hibernate.type.BasicTypeReference@4a216eb4
2023-12-22T19:01:53.731-06:00 DEBUG 6292 --- [           main] org.hibernate.type.BasicTypeRegistry     : Adding type registration org.hibernate.type.TrueFalseConverter -> org.hibernate.type.BasicTypeReference@4a216eb4
2023-12-22T19:01:53.731-06:00 DEBUG 6292 --- [           main] org.hibernate.type.BasicTypeRegistry     : Adding type registration yes_no -> org.hibernate.type.BasicTypeReference@bb3ecfe
2023-12-22T19:01:53.731-06:00 DEBUG 6292 --- [           main] org.hibernate.type.BasicTypeRegistry     : Adding type registration org.hibernate.type.YesNoConverter -> org.hibernate.type.BasicTypeReference@bb3ecfe
2023-12-22T19:01:53.732-06:00 DEBUG 6292 --- [           main] org.hibernate.type.BasicTypeRegistry     : Adding type registration byte -> org.hibernate.type.BasicTypeReference@5ec88f9e
2023-12-22T19:01:53.732-06:00 DEBUG 6292 --- [           main] org.hibernate.type.BasicTypeRegistry     : Adding type registration byte -> org.hibernate.type.BasicTypeReference@5ec88f9e
2023-12-22T19:01:53.732-06:00 DEBUG 6292 --- [           main] org.hibernate.type.BasicTypeRegistry     : Adding type registration java.lang.Byte -> org.hibernate.type.BasicTypeReference@5ec88f9e
2023-12-22T19:01:53.732-06:00 DEBUG 6292 --- [           main] org.hibernate.type.BasicTypeRegistry     : Adding type registration binary -> org.hibernate.type.BasicTypeReference@7a04f730
2023-12-22T19:01:53.733-06:00 DEBUG 6292 --- [           main] org.hibernate.type.BasicTypeRegistry     : Adding type registration byte[] -> org.hibernate.type.BasicTypeReference@7a04f730
2023-12-22T19:01:53.733-06:00 DEBUG 6292 --- [           main] org.hibernate.type.BasicTypeRegistry     : Adding type registration [B -> org.hibernate.type.BasicTypeReference@7a04f730
2023-12-22T19:01:53.733-06:00 DEBUG 6292 --- [           main] org.hibernate.type.BasicTypeRegistry     : Adding type registration binary_wrapper -> org.hibernate.type.BasicTypeReference@357f6391
2023-12-22T19:01:53.733-06:00 DEBUG 6292 --- [           main] org.hibernate.type.BasicTypeRegistry     : Adding type registration wrapper-binary -> org.hibernate.type.BasicTypeReference@357f6391
2023-12-22T19:01:53.733-06:00 DEBUG 6292 --- [           main] org.hibernate.type.BasicTypeRegistry     : Adding type registration image -> org.hibernate.type.BasicTypeReference@689faf79
2023-12-22T19:01:53.733-06:00 DEBUG 6292 --- [           main] org.hibernate.type.BasicTypeRegistry     : Adding type registration blob -> org.hibernate.type.BasicTypeReference@582e9152
2023-12-22T19:01:53.733-06:00 DEBUG 6292 --- [           main] org.hibernate.type.BasicTypeRegistry     : Adding type registration java.sql.Blob -> org.hibernate.type.BasicTypeReference@582e9152
2023-12-22T19:01:53.733-06:00 DEBUG 6292 --- [           main] org.hibernate.type.BasicTypeRegistry     : Adding type registration materialized_blob -> org.hibernate.type.BasicTypeReference@7a31ca20
2023-12-22T19:01:53.733-06:00 DEBUG 6292 --- [           main] org.hibernate.type.BasicTypeRegistry     : Adding type registration materialized_blob_wrapper -> org.hibernate.type.BasicTypeReference@349c4d1c
2023-12-22T19:01:53.734-06:00 DEBUG 6292 --- [           main] org.hibernate.type.BasicTypeRegistry     : Adding type registration short -> org.hibernate.type.BasicTypeReference@21edd891
2023-12-22T19:01:53.734-06:00 DEBUG 6292 --- [           main] org.hibernate.type.BasicTypeRegistry     : Adding type registration short -> org.hibernate.type.BasicTypeReference@21edd891
2023-12-22T19:01:53.734-06:00 DEBUG 6292 --- [           main] org.hibernate.type.BasicTypeRegistry     : Adding type registration java.lang.Short -> org.hibernate.type.BasicTypeReference@21edd891
2023-12-22T19:01:53.734-06:00 DEBUG 6292 --- [           main] org.hibernate.type.BasicTypeRegistry     : Adding type registration integer -> org.hibernate.type.BasicTypeReference@de579ff
2023-12-22T19:01:53.734-06:00 DEBUG 6292 --- [           main] org.hibernate.type.BasicTypeRegistry     : Adding type registration int -> org.hibernate.type.BasicTypeReference@de579ff
2023-12-22T19:01:53.734-06:00 DEBUG 6292 --- [           main] org.hibernate.type.BasicTypeRegistry     : Adding type registration java.lang.Integer -> org.hibernate.type.BasicTypeReference@de579ff
2023-12-22T19:01:53.734-06:00 DEBUG 6292 --- [           main] org.hibernate.type.BasicTypeRegistry     : Adding type registration long -> org.hibernate.type.BasicTypeReference@7971c2a9
2023-12-22T19:01:53.734-06:00 DEBUG 6292 --- [           main] org.hibernate.type.BasicTypeRegistry     : Adding type registration long -> org.hibernate.type.BasicTypeReference@7971c2a9
2023-12-22T19:01:53.734-06:00 DEBUG 6292 --- [           main] org.hibernate.type.BasicTypeRegistry     : Adding type registration java.lang.Long -> org.hibernate.type.BasicTypeReference@7971c2a9
2023-12-22T19:01:53.735-06:00 DEBUG 6292 --- [           main] org.hibernate.type.BasicTypeRegistry     : Adding type registration float -> org.hibernate.type.BasicTypeReference@2fd39436
2023-12-22T19:01:53.735-06:00 DEBUG 6292 --- [           main] org.hibernate.type.BasicTypeRegistry     : Adding type registration float -> org.hibernate.type.BasicTypeReference@2fd39436
2023-12-22T19:01:53.735-06:00 DEBUG 6292 --- [           main] org.hibernate.type.BasicTypeRegistry     : Adding type registration java.lang.Float -> org.hibernate.type.BasicTypeReference@2fd39436
2023-12-22T19:01:53.735-06:00 DEBUG 6292 --- [           main] org.hibernate.type.BasicTypeRegistry     : Adding type registration double -> org.hibernate.type.BasicTypeReference@60b5e80d
2023-12-22T19:01:53.735-06:00 DEBUG 6292 --- [           main] org.hibernate.type.BasicTypeRegistry     : Adding type registration double -> org.hibernate.type.BasicTypeReference@60b5e80d
2023-12-22T19:01:53.735-06:00 DEBUG 6292 --- [           main] org.hibernate.type.BasicTypeRegistry     : Adding type registration java.lang.Double -> org.hibernate.type.BasicTypeReference@60b5e80d
2023-12-22T19:01:53.735-06:00 DEBUG 6292 --- [           main] org.hibernate.type.BasicTypeRegistry     : Adding type registration big_integer -> org.hibernate.type.BasicTypeReference@46394f65
2023-12-22T19:01:53.735-06:00 DEBUG 6292 --- [           main] org.hibernate.type.BasicTypeRegistry     : Adding type registration java.math.BigInteger -> org.hibernate.type.BasicTypeReference@46394f65
2023-12-22T19:01:53.735-06:00 DEBUG 6292 --- [           main] org.hibernate.type.BasicTypeRegistry     : Adding type registration big_decimal -> org.hibernate.type.BasicTypeReference@31aab981
2023-12-22T19:01:53.736-06:00 DEBUG 6292 --- [           main] org.hibernate.type.BasicTypeRegistry     : Adding type registration java.math.BigDecimal -> org.hibernate.type.BasicTypeReference@31aab981
2023-12-22T19:01:53.736-06:00 DEBUG 6292 --- [           main] org.hibernate.type.BasicTypeRegistry     : Adding type registration character -> org.hibernate.type.BasicTypeReference@26be9a6
2023-12-22T19:01:53.736-06:00 DEBUG 6292 --- [           main] org.hibernate.type.BasicTypeRegistry     : Adding type registration char -> org.hibernate.type.BasicTypeReference@26be9a6
2023-12-22T19:01:53.736-06:00 DEBUG 6292 --- [           main] org.hibernate.type.BasicTypeRegistry     : Adding type registration java.lang.Character -> org.hibernate.type.BasicTypeReference@26be9a6
2023-12-22T19:01:53.736-06:00 DEBUG 6292 --- [           main] org.hibernate.type.BasicTypeRegistry     : Adding type registration character_nchar -> org.hibernate.type.BasicTypeReference@4d518c66
2023-12-22T19:01:53.736-06:00 DEBUG 6292 --- [           main] org.hibernate.type.BasicTypeRegistry     : Adding type registration string -> org.hibernate.type.BasicTypeReference@411fa0ce
2023-12-22T19:01:53.736-06:00 DEBUG 6292 --- [           main] org.hibernate.type.BasicTypeRegistry     : Adding type registration java.lang.String -> org.hibernate.type.BasicTypeReference@411fa0ce
2023-12-22T19:01:53.736-06:00 DEBUG 6292 --- [           main] org.hibernate.type.BasicTypeRegistry     : Adding type registration nstring -> org.hibernate.type.BasicTypeReference@251d7fdd
2023-12-22T19:01:53.736-06:00 DEBUG 6292 --- [           main] org.hibernate.type.BasicTypeRegistry     : Adding type registration characters -> org.hibernate.type.BasicTypeReference@78e68401
2023-12-22T19:01:53.736-06:00 DEBUG 6292 --- [           main] org.hibernate.type.BasicTypeRegistry     : Adding type registration char[] -> org.hibernate.type.BasicTypeReference@78e68401
2023-12-22T19:01:53.736-06:00 DEBUG 6292 --- [           main] org.hibernate.type.BasicTypeRegistry     : Adding type registration [C -> org.hibernate.type.BasicTypeReference@78e68401
2023-12-22T19:01:53.736-06:00 DEBUG 6292 --- [           main] org.hibernate.type.BasicTypeRegistry     : Adding type registration wrapper-characters -> org.hibernate.type.BasicTypeReference@391515c7
2023-12-22T19:01:53.737-06:00 DEBUG 6292 --- [           main] org.hibernate.type.BasicTypeRegistry     : Adding type registration text -> org.hibernate.type.BasicTypeReference@5b0dbfb
2023-12-22T19:01:53.737-06:00 DEBUG 6292 --- [           main] org.hibernate.type.BasicTypeRegistry     : Adding type registration ntext -> org.hibernate.type.BasicTypeReference@4b9dbf07
2023-12-22T19:01:53.737-06:00 DEBUG 6292 --- [           main] org.hibernate.type.BasicTypeRegistry     : Adding type registration clob -> org.hibernate.type.BasicTypeReference@797fcf9
2023-12-22T19:01:53.737-06:00 DEBUG 6292 --- [           main] org.hibernate.type.BasicTypeRegistry     : Adding type registration java.sql.Clob -> org.hibernate.type.BasicTypeReference@797fcf9
2023-12-22T19:01:53.737-06:00 DEBUG 6292 --- [           main] org.hibernate.type.BasicTypeRegistry     : Adding type registration nclob -> org.hibernate.type.BasicTypeReference@16bd7ae1
2023-12-22T19:01:53.737-06:00 DEBUG 6292 --- [           main] org.hibernate.type.BasicTypeRegistry     : Adding type registration java.sql.NClob -> org.hibernate.type.BasicTypeReference@16bd7ae1
2023-12-22T19:01:53.737-06:00 DEBUG 6292 --- [           main] org.hibernate.type.BasicTypeRegistry     : Adding type registration materialized_clob -> org.hibernate.type.BasicTypeReference@15d114ce
2023-12-22T19:01:53.737-06:00 DEBUG 6292 --- [           main] org.hibernate.type.BasicTypeRegistry     : Adding type registration materialized_clob_char_array -> org.hibernate.type.BasicTypeReference@3312f4f4
2023-12-22T19:01:53.737-06:00 DEBUG 6292 --- [           main] org.hibernate.type.BasicTypeRegistry     : Adding type registration materialized_clob_character_array -> org.hibernate.type.BasicTypeReference@b5aa65b
2023-12-22T19:01:53.737-06:00 DEBUG 6292 --- [           main] org.hibernate.type.BasicTypeRegistry     : Adding type registration materialized_nclob -> org.hibernate.type.BasicTypeReference@76cdafa3
2023-12-22T19:01:53.737-06:00 DEBUG 6292 --- [           main] org.hibernate.type.BasicTypeRegistry     : Adding type registration materialized_nclob_character_array -> org.hibernate.type.BasicTypeReference@6b27b2d0
2023-12-22T19:01:53.737-06:00 DEBUG 6292 --- [           main] org.hibernate.type.BasicTypeRegistry     : Adding type registration materialized_nclob_char_array -> org.hibernate.type.BasicTypeReference@4fb64e14
2023-12-22T19:01:53.737-06:00 DEBUG 6292 --- [           main] org.hibernate.type.BasicTypeRegistry     : Adding type registration Duration -> org.hibernate.type.BasicTypeReference@118041c7
2023-12-22T19:01:53.738-06:00 DEBUG 6292 --- [           main] org.hibernate.type.BasicTypeRegistry     : Adding type registration java.time.Duration -> org.hibernate.type.BasicTypeReference@118041c7
2023-12-22T19:01:53.738-06:00 DEBUG 6292 --- [           main] org.hibernate.type.BasicTypeRegistry     : Adding type registration LocalDateTime -> org.hibernate.type.BasicTypeReference@a2b54e3
2023-12-22T19:01:53.738-06:00 DEBUG 6292 --- [           main] org.hibernate.type.BasicTypeRegistry     : Adding type registration java.time.LocalDateTime -> org.hibernate.type.BasicTypeReference@a2b54e3
2023-12-22T19:01:53.738-06:00 DEBUG 6292 --- [           main] org.hibernate.type.BasicTypeRegistry     : Adding type registration LocalDate -> org.hibernate.type.BasicTypeReference@5c4cc644
2023-12-22T19:01:53.738-06:00 DEBUG 6292 --- [           main] org.hibernate.type.BasicTypeRegistry     : Adding type registration java.time.LocalDate -> org.hibernate.type.BasicTypeReference@5c4cc644
2023-12-22T19:01:53.738-06:00 DEBUG 6292 --- [           main] org.hibernate.type.BasicTypeRegistry     : Adding type registration LocalTime -> org.hibernate.type.BasicTypeReference@21f7e537
2023-12-22T19:01:53.738-06:00 DEBUG 6292 --- [           main] org.hibernate.type.BasicTypeRegistry     : Adding type registration java.time.LocalTime -> org.hibernate.type.BasicTypeReference@21f7e537
2023-12-22T19:01:53.738-06:00 DEBUG 6292 --- [           main] org.hibernate.type.BasicTypeRegistry     : Adding type registration OffsetDateTime -> org.hibernate.type.BasicTypeReference@32ea16b7
2023-12-22T19:01:53.738-06:00 DEBUG 6292 --- [           main] org.hibernate.type.BasicTypeRegistry     : Adding type registration java.time.OffsetDateTime -> org.hibernate.type.BasicTypeReference@32ea16b7
2023-12-22T19:01:53.738-06:00 DEBUG 6292 --- [           main] org.hibernate.type.BasicTypeRegistry     : Adding type registration OffsetDateTimeWithTimezone -> org.hibernate.type.BasicTypeReference@62b6c045
2023-12-22T19:01:53.738-06:00 DEBUG 6292 --- [           main] org.hibernate.type.BasicTypeRegistry     : Adding type registration OffsetDateTimeWithoutTimezone -> org.hibernate.type.BasicTypeReference@58f254b1
2023-12-22T19:01:53.738-06:00 DEBUG 6292 --- [           main] org.hibernate.type.BasicTypeRegistry     : Adding type registration OffsetTime -> org.hibernate.type.BasicTypeReference@46b2dcc5
2023-12-22T19:01:53.738-06:00 DEBUG 6292 --- [           main] org.hibernate.type.BasicTypeRegistry     : Adding type registration java.time.OffsetTime -> org.hibernate.type.BasicTypeReference@46b2dcc5
2023-12-22T19:01:53.739-06:00 DEBUG 6292 --- [           main] org.hibernate.type.BasicTypeRegistry     : Adding type registration OffsetTimeUtc -> org.hibernate.type.BasicTypeReference@240f350a
2023-12-22T19:01:53.739-06:00 DEBUG 6292 --- [           main] org.hibernate.type.BasicTypeRegistry     : Adding type registration OffsetTimeWithTimezone -> org.hibernate.type.BasicTypeReference@706f6d26
2023-12-22T19:01:53.739-06:00 DEBUG 6292 --- [           main] org.hibernate.type.BasicTypeRegistry     : Adding type registration OffsetTimeWithoutTimezone -> org.hibernate.type.BasicTypeReference@3af2f846
2023-12-22T19:01:53.739-06:00 DEBUG 6292 --- [           main] org.hibernate.type.BasicTypeRegistry     : Adding type registration ZonedDateTime -> org.hibernate.type.BasicTypeReference@6af65f29
2023-12-22T19:01:53.739-06:00 DEBUG 6292 --- [           main] org.hibernate.type.BasicTypeRegistry     : Adding type registration java.time.ZonedDateTime -> org.hibernate.type.BasicTypeReference@6af65f29
2023-12-22T19:01:53.739-06:00 DEBUG 6292 --- [           main] org.hibernate.type.BasicTypeRegistry     : Adding type registration ZonedDateTimeWithTimezone -> org.hibernate.type.BasicTypeReference@370c9018
2023-12-22T19:01:53.739-06:00 DEBUG 6292 --- [           main] org.hibernate.type.BasicTypeRegistry     : Adding type registration ZonedDateTimeWithoutTimezone -> org.hibernate.type.BasicTypeReference@3c81cd82
2023-12-22T19:01:53.739-06:00 DEBUG 6292 --- [           main] org.hibernate.type.BasicTypeRegistry     : Adding type registration date -> org.hibernate.type.BasicTypeReference@111c229c
2023-12-22T19:01:53.739-06:00 DEBUG 6292 --- [           main] org.hibernate.type.BasicTypeRegistry     : Adding type registration java.sql.Date -> org.hibernate.type.BasicTypeReference@111c229c
2023-12-22T19:01:53.739-06:00 DEBUG 6292 --- [           main] org.hibernate.type.BasicTypeRegistry     : Adding type registration time -> org.hibernate.type.BasicTypeReference@49cb3881
2023-12-22T19:01:53.739-06:00 DEBUG 6292 --- [           main] org.hibernate.type.BasicTypeRegistry     : Adding type registration java.sql.Time -> org.hibernate.type.BasicTypeReference@49cb3881
2023-12-22T19:01:53.739-06:00 DEBUG 6292 --- [           main] org.hibernate.type.BasicTypeRegistry     : Adding type registration timestamp -> org.hibernate.type.BasicTypeReference@1a14fdf0
2023-12-22T19:01:53.739-06:00 DEBUG 6292 --- [           main] org.hibernate.type.BasicTypeRegistry     : Adding type registration java.sql.Timestamp -> org.hibernate.type.BasicTypeReference@1a14fdf0
2023-12-22T19:01:53.739-06:00 DEBUG 6292 --- [           main] org.hibernate.type.BasicTypeRegistry     : Adding type registration java.util.Date -> org.hibernate.type.BasicTypeReference@1a14fdf0
2023-12-22T19:01:53.740-06:00 DEBUG 6292 --- [           main] org.hibernate.type.BasicTypeRegistry     : Adding type registration calendar -> org.hibernate.type.BasicTypeReference@284bdeed
2023-12-22T19:01:53.740-06:00 DEBUG 6292 --- [           main] org.hibernate.type.BasicTypeRegistry     : Adding type registration java.util.Calendar -> org.hibernate.type.BasicTypeReference@284bdeed
2023-12-22T19:01:53.740-06:00 DEBUG 6292 --- [           main] org.hibernate.type.BasicTypeRegistry     : Adding type registration java.util.GregorianCalendar -> org.hibernate.type.BasicTypeReference@284bdeed
2023-12-22T19:01:53.740-06:00 DEBUG 6292 --- [           main] org.hibernate.type.BasicTypeRegistry     : Adding type registration calendar_date -> org.hibernate.type.BasicTypeReference@58b311ba
2023-12-22T19:01:53.740-06:00 DEBUG 6292 --- [           main] org.hibernate.type.BasicTypeRegistry     : Adding type registration calendar_time -> org.hibernate.type.BasicTypeReference@482c351d
2023-12-22T19:01:53.740-06:00 DEBUG 6292 --- [           main] org.hibernate.type.BasicTypeRegistry     : Adding type registration instant -> org.hibernate.type.BasicTypeReference@75eaba95
2023-12-22T19:01:53.740-06:00 DEBUG 6292 --- [           main] org.hibernate.type.BasicTypeRegistry     : Adding type registration java.time.Instant -> org.hibernate.type.BasicTypeReference@75eaba95
2023-12-22T19:01:53.740-06:00 DEBUG 6292 --- [           main] org.hibernate.type.BasicTypeRegistry     : Adding type registration uuid -> org.hibernate.type.BasicTypeReference@320be73
2023-12-22T19:01:53.740-06:00 DEBUG 6292 --- [           main] org.hibernate.type.BasicTypeRegistry     : Adding type registration java.util.UUID -> org.hibernate.type.BasicTypeReference@320be73
2023-12-22T19:01:53.740-06:00 DEBUG 6292 --- [           main] org.hibernate.type.BasicTypeRegistry     : Adding type registration pg-uuid -> org.hibernate.type.BasicTypeReference@320be73
2023-12-22T19:01:53.740-06:00 DEBUG 6292 --- [           main] org.hibernate.type.BasicTypeRegistry     : Adding type registration uuid-binary -> org.hibernate.type.BasicTypeReference@435e416c
2023-12-22T19:01:53.740-06:00 DEBUG 6292 --- [           main] org.hibernate.type.BasicTypeRegistry     : Adding type registration uuid-char -> org.hibernate.type.BasicTypeReference@6af310c7
2023-12-22T19:01:53.740-06:00 DEBUG 6292 --- [           main] org.hibernate.type.BasicTypeRegistry     : Adding type registration class -> org.hibernate.type.BasicTypeReference@4aed311e
2023-12-22T19:01:53.740-06:00 DEBUG 6292 --- [           main] org.hibernate.type.BasicTypeRegistry     : Adding type registration java.lang.Class -> org.hibernate.type.BasicTypeReference@4aed311e
2023-12-22T19:01:53.741-06:00 DEBUG 6292 --- [           main] org.hibernate.type.BasicTypeRegistry     : Adding type registration currency -> org.hibernate.type.BasicTypeReference@4c38cd16
2023-12-22T19:01:53.741-06:00 DEBUG 6292 --- [           main] org.hibernate.type.BasicTypeRegistry     : Adding type registration Currency -> org.hibernate.type.BasicTypeReference@4c38cd16
2023-12-22T19:01:53.741-06:00 DEBUG 6292 --- [           main] org.hibernate.type.BasicTypeRegistry     : Adding type registration java.util.Currency -> org.hibernate.type.BasicTypeReference@4c38cd16
2023-12-22T19:01:53.741-06:00 DEBUG 6292 --- [           main] org.hibernate.type.BasicTypeRegistry     : Adding type registration locale -> org.hibernate.type.BasicTypeReference@7ddcb0dc
2023-12-22T19:01:53.741-06:00 DEBUG 6292 --- [           main] org.hibernate.type.BasicTypeRegistry     : Adding type registration java.util.Locale -> org.hibernate.type.BasicTypeReference@7ddcb0dc
2023-12-22T19:01:53.741-06:00 DEBUG 6292 --- [           main] org.hibernate.type.BasicTypeRegistry     : Adding type registration serializable -> org.hibernate.type.BasicTypeReference@f5bf288
2023-12-22T19:01:53.741-06:00 DEBUG 6292 --- [           main] org.hibernate.type.BasicTypeRegistry     : Adding type registration java.io.Serializable -> org.hibernate.type.BasicTypeReference@f5bf288
2023-12-22T19:01:53.741-06:00 DEBUG 6292 --- [           main] org.hibernate.type.BasicTypeRegistry     : Adding type registration timezone -> org.hibernate.type.BasicTypeReference@2c1d57bc
2023-12-22T19:01:53.741-06:00 DEBUG 6292 --- [           main] org.hibernate.type.BasicTypeRegistry     : Adding type registration java.util.TimeZone -> org.hibernate.type.BasicTypeReference@2c1d57bc
2023-12-22T19:01:53.741-06:00 DEBUG 6292 --- [           main] org.hibernate.type.BasicTypeRegistry     : Adding type registration ZoneOffset -> org.hibernate.type.BasicTypeReference@26c77f54
2023-12-22T19:01:53.741-06:00 DEBUG 6292 --- [           main] org.hibernate.type.BasicTypeRegistry     : Adding type registration java.time.ZoneOffset -> org.hibernate.type.BasicTypeReference@26c77f54
2023-12-22T19:01:53.741-06:00 DEBUG 6292 --- [           main] org.hibernate.type.BasicTypeRegistry     : Adding type registration url -> org.hibernate.type.BasicTypeReference@3e856100
2023-12-22T19:01:53.741-06:00 DEBUG 6292 --- [           main] org.hibernate.type.BasicTypeRegistry     : Adding type registration java.net.URL -> org.hibernate.type.BasicTypeReference@3e856100
2023-12-22T19:01:53.742-06:00 DEBUG 6292 --- [           main] org.hibernate.type.BasicTypeRegistry     : Adding type registration vector -> org.hibernate.type.BasicTypeReference@6e9a0bea
2023-12-22T19:01:53.742-06:00 DEBUG 6292 --- [           main] org.hibernate.type.BasicTypeRegistry     : Adding type registration row_version -> org.hibernate.type.BasicTypeReference@28fc1132
2023-12-22T19:01:53.749-06:00 DEBUG 6292 --- [           main] org.hibernate.type.BasicTypeRegistry     : Adding type registration object -> org.hibernate.type.JavaObjectType@6c9b44bf
2023-12-22T19:01:53.749-06:00 DEBUG 6292 --- [           main] org.hibernate.type.BasicTypeRegistry     : Adding type registration java.lang.Object -> org.hibernate.type.JavaObjectType@6c9b44bf
2023-12-22T19:01:53.751-06:00 DEBUG 6292 --- [           main] org.hibernate.type.BasicTypeRegistry     : Adding type registration null -> org.hibernate.type.NullType@7e49ded
2023-12-22T19:01:53.751-06:00 DEBUG 6292 --- [           main] org.hibernate.type.BasicTypeRegistry     : Adding type registration imm_date -> org.hibernate.type.BasicTypeReference@2c6c302f
2023-12-22T19:01:53.751-06:00 DEBUG 6292 --- [           main] org.hibernate.type.BasicTypeRegistry     : Adding type registration imm_time -> org.hibernate.type.BasicTypeReference@2478b629
2023-12-22T19:01:53.751-06:00 DEBUG 6292 --- [           main] org.hibernate.type.BasicTypeRegistry     : Adding type registration imm_timestamp -> org.hibernate.type.BasicTypeReference@39023dbf
2023-12-22T19:01:53.751-06:00 DEBUG 6292 --- [           main] org.hibernate.type.BasicTypeRegistry     : Adding type registration imm_calendar -> org.hibernate.type.BasicTypeReference@1a2ac487
2023-12-22T19:01:53.751-06:00 DEBUG 6292 --- [           main] org.hibernate.type.BasicTypeRegistry     : Adding type registration imm_calendar_date -> org.hibernate.type.BasicTypeReference@570a62a5
2023-12-22T19:01:53.752-06:00 DEBUG 6292 --- [           main] org.hibernate.type.BasicTypeRegistry     : Adding type registration imm_calendar_time -> org.hibernate.type.BasicTypeReference@36224f93
2023-12-22T19:01:53.752-06:00 DEBUG 6292 --- [           main] org.hibernate.type.BasicTypeRegistry     : Adding type registration imm_binary -> org.hibernate.type.BasicTypeReference@1ee5632d
2023-12-22T19:01:53.752-06:00 DEBUG 6292 --- [           main] org.hibernate.type.BasicTypeRegistry     : Adding type registration imm_serializable -> org.hibernate.type.BasicTypeReference@52a7928a
2023-12-22T19:01:53.892-06:00  INFO 6292 --- [           main] o.s.o.j.p.SpringPersistenceUnitInfo      : No LoadTimeWeaver setup: ignoring JPA class transformer
2023-12-22T19:01:53.918-06:00  INFO 6292 --- [           main] com.zaxxer.hikari.HikariDataSource       : HikariPool-1 - Starting...
2023-12-22T19:01:55.333-06:00  INFO 6292 --- [           main] com.zaxxer.hikari.pool.HikariPool        : HikariPool-1 - Added connection org.postgresql.jdbc.PgConnection@285bf5ac
2023-12-22T19:01:55.335-06:00  INFO 6292 --- [           main] com.zaxxer.hikari.HikariDataSource       : HikariPool-1 - Start completed.
2023-12-22T19:01:55.492-06:00  WARN 6292 --- [           main] org.hibernate.dialect.Dialect            : HHH000511: The 11.22.0 version for [org.hibernate.dialect.PostgreSQLDialect] is no longer supported, hence certain features may not work properly. The minimum supported version is 12.0.0. Check the community dialects project for available legacy versions.
2023-12-22T19:01:55.496-06:00  WARN 6292 --- [           main] org.hibernate.orm.deprecation            : HHH90000025: PostgreSQLDialect does not need to be specified explicitly using 'hibernate.dialect' (remove the property setting and it will be selected by default)
2023-12-22T19:01:55.758-06:00 DEBUG 6292 --- [           main] o.h.t.d.sql.spi.DdlTypeRegistry          : addDescriptor(2003, org.hibernate.type.descriptor.sql.internal.ArrayDdlTypeImpl@5a6195b8) replaced previous registration(org.hibernate.type.descriptor.sql.internal.ArrayDdlTypeImpl@8af1c49)
2023-12-22T19:01:55.758-06:00 DEBUG 6292 --- [           main] o.h.t.d.sql.spi.DdlTypeRegistry          : addDescriptor(6, org.hibernate.type.descriptor.sql.internal.CapacityDependentDdlType@70d5d96b) replaced previous registration(org.hibernate.type.descriptor.sql.internal.DdlTypeImpl@23469199)
2023-12-22T19:01:55.760-06:00 DEBUG 6292 --- [           main] o.h.t.d.jdbc.spi.JdbcTypeRegistry        : addDescriptor(2004, BlobTypeDescriptor(BLOB_BINDING)) replaced previous registration(BlobTypeDescriptor(DEFAULT))
2023-12-22T19:01:55.760-06:00 DEBUG 6292 --- [           main] o.h.t.d.jdbc.spi.JdbcTypeRegistry        : addDescriptor(2005, ClobTypeDescriptor(CLOB_BINDING)) replaced previous registration(ClobTypeDescriptor(DEFAULT))
2023-12-22T19:01:55.768-06:00 DEBUG 6292 --- [           main] org.hibernate.type.BasicTypeRegistry     : Adding type registration JAVA_OBJECT -> org.hibernate.type.JavaObjectType@7ff09659
2023-12-22T19:01:55.768-06:00 DEBUG 6292 --- [           main] org.hibernate.type.BasicTypeRegistry     : Adding type registration java.lang.Object -> org.hibernate.type.JavaObjectType@7ff09659
2023-12-22T19:01:55.768-06:00 DEBUG 6292 --- [           main] org.hibernate.type.BasicTypeRegistry     : Type registration key [java.lang.Object] overrode previous entry : `org.hibernate.type.JavaObjectType@6c9b44bf`
2023-12-22T19:01:55.772-06:00 DEBUG 6292 --- [           main] org.hibernate.type.BasicTypeRegistry     : Adding type registration org.hibernate.type.DurationType -> basicType@1(java.time.Duration,2)
2023-12-22T19:01:55.772-06:00 DEBUG 6292 --- [           main] org.hibernate.type.BasicTypeRegistry     : Adding type registration Duration -> basicType@1(java.time.Duration,2)
2023-12-22T19:01:55.772-06:00 DEBUG 6292 --- [           main] org.hibernate.type.BasicTypeRegistry     : Adding type registration java.time.Duration -> basicType@1(java.time.Duration,2)
2023-12-22T19:01:55.775-06:00 DEBUG 6292 --- [           main] org.hibernate.type.BasicTypeRegistry     : Adding type registration org.hibernate.type.OffsetDateTimeType -> basicType@2(java.time.OffsetDateTime,3003)
2023-12-22T19:01:55.775-06:00 DEBUG 6292 --- [           main] org.hibernate.type.BasicTypeRegistry     : Adding type registration OffsetDateTime -> basicType@2(java.time.OffsetDateTime,3003)
2023-12-22T19:01:55.775-06:00 DEBUG 6292 --- [           main] org.hibernate.type.BasicTypeRegistry     : Adding type registration java.time.OffsetDateTime -> basicType@2(java.time.OffsetDateTime,3003)
2023-12-22T19:01:55.775-06:00 DEBUG 6292 --- [           main] org.hibernate.type.BasicTypeRegistry     : Adding type registration org.hibernate.type.ZonedDateTimeType -> basicType@3(java.time.ZonedDateTime,3003)
2023-12-22T19:01:55.776-06:00 DEBUG 6292 --- [           main] org.hibernate.type.BasicTypeRegistry     : Adding type registration ZonedDateTime -> basicType@3(java.time.ZonedDateTime,3003)
2023-12-22T19:01:55.776-06:00 DEBUG 6292 --- [           main] org.hibernate.type.BasicTypeRegistry     : Adding type registration java.time.ZonedDateTime -> basicType@3(java.time.ZonedDateTime,3003)
2023-12-22T19:01:55.776-06:00 DEBUG 6292 --- [           main] org.hibernate.type.BasicTypeRegistry     : Adding type registration org.hibernate.type.OffsetTimeType -> basicType@4(java.time.OffsetTime,3007)
2023-12-22T19:01:55.776-06:00 DEBUG 6292 --- [           main] org.hibernate.type.BasicTypeRegistry     : Adding type registration OffsetTime -> basicType@4(java.time.OffsetTime,3007)
2023-12-22T19:01:55.776-06:00 DEBUG 6292 --- [           main] org.hibernate.type.BasicTypeRegistry     : Adding type registration java.time.OffsetTime -> basicType@4(java.time.OffsetTime,3007)
2023-12-22T19:01:55.777-06:00 DEBUG 6292 --- [           main] o.h.type.spi.TypeConfiguration$Scope     : Scoping TypeConfiguration [org.hibernate.type.spi.TypeConfiguration@3c6bd624] to MetadataBuildingContext [org.hibernate.boot.internal.MetadataBuildingContextRootImpl@3d8d52be]
2023-12-22T19:01:56.650-06:00  INFO 6292 --- [           main] o.h.e.t.j.p.i.JtaPlatformInitiator       : HHH000489: No JTA platform available (set 'hibernate.transaction.jta.platform' to enable JTA platform integration)
2023-12-22T19:01:56.651-06:00 DEBUG 6292 --- [           main] o.h.type.spi.TypeConfiguration$Scope     : Scoping TypeConfiguration [org.hibernate.type.spi.TypeConfiguration@3c6bd624] to SessionFactoryImplementor [org.hibernate.internal.SessionFactoryImpl@106edde4]
2023-12-22T19:01:56.664-06:00 DEBUG 6292 --- [           main] org.hibernate.SQL                        : alter table if exists producto drop constraint if exists FKodqr7965ok9rwquj1utiamt0m
2023-12-22T19:01:56.890-06:00  WARN 6292 --- [           main] o.h.engine.jdbc.spi.SqlExceptionHelper   : SQL Warning Code: 0, SQLState: 00000
2023-12-22T19:01:56.890-06:00  WARN 6292 --- [           main] o.h.engine.jdbc.spi.SqlExceptionHelper   : relation "producto" does not exist, skipping
2023-12-22T19:01:56.891-06:00 DEBUG 6292 --- [           main] org.hibernate.SQL                        : alter table if exists usuariorol drop constraint if exists FKma8uchk1lqibqso19rervorn8
2023-12-22T19:01:57.059-06:00  WARN 6292 --- [           main] o.h.engine.jdbc.spi.SqlExceptionHelper   : SQL Warning Code: 0, SQLState: 00000
2023-12-22T19:01:57.059-06:00  WARN 6292 --- [           main] o.h.engine.jdbc.spi.SqlExceptionHelper   : relation "usuariorol" does not exist, skipping
2023-12-22T19:01:57.059-06:00 DEBUG 6292 --- [           main] org.hibernate.SQL                        : alter table if exists usuariorol drop constraint if exists FKfogtq6nbesir0pi6slh8lrh7t
2023-12-22T19:01:57.219-06:00  WARN 6292 --- [           main] o.h.engine.jdbc.spi.SqlExceptionHelper   : SQL Warning Code: 0, SQLState: 00000
2023-12-22T19:01:57.219-06:00  WARN 6292 --- [           main] o.h.engine.jdbc.spi.SqlExceptionHelper   : relation "usuariorol" does not exist, skipping
2023-12-22T19:01:57.219-06:00 DEBUG 6292 --- [           main] org.hibernate.SQL                        : drop table if exists categoria cascade
2023-12-22T19:01:57.391-06:00  WARN 6292 --- [           main] o.h.engine.jdbc.spi.SqlExceptionHelper   : SQL Warning Code: 0, SQLState: 00000
2023-12-22T19:01:57.392-06:00  WARN 6292 --- [           main] o.h.engine.jdbc.spi.SqlExceptionHelper   : table "categoria" does not exist, skipping
2023-12-22T19:01:57.392-06:00 DEBUG 6292 --- [           main] org.hibernate.SQL                        : drop table if exists producto cascade
2023-12-22T19:01:57.509-06:00  WARN 6292 --- [           main] o.h.engine.jdbc.spi.SqlExceptionHelper   : SQL Warning Code: 0, SQLState: 00000
2023-12-22T19:01:57.509-06:00  WARN 6292 --- [           main] o.h.engine.jdbc.spi.SqlExceptionHelper   : table "producto" does not exist, skipping
2023-12-22T19:01:57.509-06:00 DEBUG 6292 --- [           main] org.hibernate.SQL                        : drop table if exists rol cascade
2023-12-22T19:01:57.639-06:00  WARN 6292 --- [           main] o.h.engine.jdbc.spi.SqlExceptionHelper   : SQL Warning Code: 0, SQLState: 00000
2023-12-22T19:01:57.639-06:00  WARN 6292 --- [           main] o.h.engine.jdbc.spi.SqlExceptionHelper   : table "rol" does not exist, skipping
2023-12-22T19:01:57.640-06:00 DEBUG 6292 --- [           main] org.hibernate.SQL                        : drop table if exists usuario cascade
2023-12-22T19:01:57.774-06:00  WARN 6292 --- [           main] o.h.engine.jdbc.spi.SqlExceptionHelper   : SQL Warning Code: 0, SQLState: 00000
2023-12-22T19:01:57.775-06:00  WARN 6292 --- [           main] o.h.engine.jdbc.spi.SqlExceptionHelper   : table "usuario" does not exist, skipping
2023-12-22T19:01:57.775-06:00 DEBUG 6292 --- [           main] org.hibernate.SQL                        : drop table if exists usuariorol cascade
2023-12-22T19:01:57.963-06:00  WARN 6292 --- [           main] o.h.engine.jdbc.spi.SqlExceptionHelper   : SQL Warning Code: 0, SQLState: 00000
2023-12-22T19:01:57.963-06:00  WARN 6292 --- [           main] o.h.engine.jdbc.spi.SqlExceptionHelper   : table "usuariorol" does not exist, skipping
2023-12-22T19:01:57.969-06:00 DEBUG 6292 --- [           main] org.hibernate.SQL                        : create table categoria (estado boolean not null, id bigserial not null, descripcion varchar(255) not null, nombre varchar(255) not null, primary key (id))
2023-12-22T19:01:58.159-06:00 DEBUG 6292 --- [           main] org.hibernate.SQL                        : create table producto (categoria_id bigint, id bigserial not null, codigobarras varchar(255) not null, descripcion varchar(255) not null, nombre varchar(255) not null, primary key (id))
2023-12-22T19:01:58.285-06:00 DEBUG 6292 --- [           main] org.hibernate.SQL                        : create table rol (id bigserial not null, nombre varchar(255), primary key (id))
2023-12-22T19:01:58.423-06:00 DEBUG 6292 --- [           main] org.hibernate.SQL                        : create table usuario (estado boolean not null, id bigserial not null, apellido varchar(255) not null, email varchar(255) not null, nombre varchar(255) not null, password varchar(255) not null, telefono varchar(255) not null, usuario varchar(255) not null, primary key (id))
2023-12-22T19:01:58.761-06:00 DEBUG 6292 --- [           main] org.hibernate.SQL                        : create table usuariorol (id bigserial not null, rol_id bigint, usuario_id bigint, primary key (id))
2023-12-22T19:01:58.957-06:00 DEBUG 6292 --- [           main] org.hibernate.SQL                        : alter table if exists producto add constraint FKodqr7965ok9rwquj1utiamt0m foreign key (categoria_id) references categoria
2023-12-22T19:01:59.140-06:00 DEBUG 6292 --- [           main] org.hibernate.SQL                        : alter table if exists usuariorol add constraint FKma8uchk1lqibqso19rervorn8 foreign key (rol_id) references rol
2023-12-22T19:01:59.376-06:00 DEBUG 6292 --- [           main] org.hibernate.SQL                        : alter table if exists usuariorol add constraint FKfogtq6nbesir0pi6slh8lrh7t foreign key (usuario_id) references usuario
2023-12-22T19:01:59.554-06:00 TRACE 6292 --- [           main] o.h.type.spi.TypeConfiguration$Scope     : Handling #sessionFactoryCreated from [org.hibernate.internal.SessionFactoryImpl@106edde4] for TypeConfiguration
2023-12-22T19:01:59.555-06:00  INFO 6292 --- [           main] j.LocalContainerEntityManagerFactoryBean : Initialized JPA EntityManagerFactory for persistence unit 'default'
2023-12-22T19:02:00.182-06:00  WARN 6292 --- [           main] JpaBaseConfiguration$JpaWebConfiguration : spring.jpa.open-in-view is enabled by default. Therefore, database queries may be performed during view rendering. Explicitly configure spring.jpa.open-in-view to disable this warning
2023-12-22T19:02:00.528-06:00  INFO 6292 --- [           main] o.s.s.web.DefaultSecurityFilterChain     : Will secure any request with [org.springframework.security.web.session.DisableEncodeUrlFilter@2eed6331, org.springframework.security.web.context.request.async.WebAsyncManagerIntegrationFilter@1254a3cd, org.springframework.security.web.context.SecurityContextHolderFilter@565983f3, org.springframework.security.web.header.HeaderWriterFilter@f5a680, org.springframework.web.filter.CorsFilter@88e85a, org.springframework.security.web.authentication.logout.LogoutFilter@654dbb78, com.api.store.securityconfig.JwtAuthenticationFilter@49e92724, org.springframework.security.web.savedrequest.RequestCacheAwareFilter@72321701, org.springframework.security.web.servletapi.SecurityContextHolderAwareRequestFilter@2f83467, org.springframework.security.web.authentication.AnonymousAuthenticationFilter@230dd372, org.springframework.security.web.session.SessionManagementFilter@4b74a4d, org.springframework.security.web.access.ExceptionTranslationFilter@5cfde2a4, org.springframework.security.web.access.intercept.AuthorizationFilter@2ec258f1]
2023-12-22T19:02:00.826-06:00  INFO 6292 --- [           main] com.api.store.StoreApplicationTests      : Started StoreApplicationTests in 8.672 seconds (process running for 9.525)
]]></system-out>
  </testcase>
</testsuite>